2026-05-13 09:45:21,754 INFO  org.apache.flink.client.cli.CliFrontend                      [] - --------------------------------------------------------------------------------
2026-05-13 09:45:21,763 INFO  org.apache.flink.client.cli.CliFrontend                      [] -  Starting Command Line Client (Version: 1.18.1, Scala: 2.12, Rev:a8c8b1c, Date:2023-12-19T22:17:36+01:00)
2026-05-13 09:45:21,764 INFO  org.apache.flink.client.cli.CliFrontend                      [] -  OS current user: root
2026-05-13 09:45:21,766 INFO  org.apache.flink.client.cli.CliFrontend                      [] -  Current Hadoop/Kerberos user: <no hadoop dependency found>
2026-05-13 09:45:21,766 INFO  org.apache.flink.client.cli.CliFrontend                      [] -  JVM: OpenJDK 64-Bit Server VM - Eclipse Adoptium - 11/11.0.26+4
2026-05-13 09:45:21,766 INFO  org.apache.flink.client.cli.CliFrontend                      [] -  Arch: amd64
2026-05-13 09:45:21,766 INFO  org.apache.flink.client.cli.CliFrontend                      [] -  Maximum heap size: 1962 MiBytes
2026-05-13 09:45:21,766 INFO  org.apache.flink.client.cli.CliFrontend                      [] -  JAVA_HOME: /opt/java/openjdk
2026-05-13 09:45:21,767 INFO  org.apache.flink.client.cli.CliFrontend                      [] -  No Hadoop Dependency available
2026-05-13 09:45:21,767 INFO  org.apache.flink.client.cli.CliFrontend                      [] -  JVM Options:
2026-05-13 09:45:21,770 INFO  org.apache.flink.client.cli.CliFrontend                      [] -     -XX:+IgnoreUnrecognizedVMOptions
2026-05-13 09:45:21,770 INFO  org.apache.flink.client.cli.CliFrontend                      [] -     --add-exports=java.base/sun.net.util=ALL-UNNAMED
2026-05-13 09:45:21,771 INFO  org.apache.flink.client.cli.CliFrontend                      [] -     --add-exports=java.rmi/sun.rmi.registry=ALL-UNNAMED
2026-05-13 09:45:21,771 INFO  org.apache.flink.client.cli.CliFrontend                      [] -     --add-exports=jdk.compiler/com.sun.tools.javac.api=ALL-UNNAMED
2026-05-13 09:45:21,771 INFO  org.apache.flink.client.cli.CliFrontend                      [] -     --add-exports=jdk.compiler/com.sun.tools.javac.file=ALL-UNNAMED
2026-05-13 09:45:21,771 INFO  org.apache.flink.client.cli.CliFrontend                      [] -     --add-exports=jdk.compiler/com.sun.tools.javac.parser=ALL-UNNAMED
2026-05-13 09:45:21,773 INFO  org.apache.flink.client.cli.CliFrontend                      [] -     --add-exports=jdk.compiler/com.sun.tools.javac.tree=ALL-UNNAMED
2026-05-13 09:45:21,773 INFO  org.apache.flink.client.cli.CliFrontend                      [] -     --add-exports=jdk.compiler/com.sun.tools.javac.util=ALL-UNNAMED
2026-05-13 09:45:21,775 INFO  org.apache.flink.client.cli.CliFrontend                      [] -     --add-exports=java.security.jgss/sun.security.krb5=ALL-UNNAMED
2026-05-13 09:45:21,776 INFO  org.apache.flink.client.cli.CliFrontend                      [] -     --add-opens=java.base/java.lang=ALL-UNNAMED
2026-05-13 09:45:21,776 INFO  org.apache.flink.client.cli.CliFrontend                      [] -     --add-opens=java.base/java.net=ALL-UNNAMED
2026-05-13 09:45:21,776 INFO  org.apache.flink.client.cli.CliFrontend                      [] -     --add-opens=java.base/java.io=ALL-UNNAMED
2026-05-13 09:45:21,776 INFO  org.apache.flink.client.cli.CliFrontend                      [] -     --add-opens=java.base/java.nio=ALL-UNNAMED
2026-05-13 09:45:21,776 INFO  org.apache.flink.client.cli.CliFrontend                      [] -     --add-opens=java.base/sun.nio.ch=ALL-UNNAMED
2026-05-13 09:45:21,777 INFO  org.apache.flink.client.cli.CliFrontend                      [] -     --add-opens=java.base/java.lang.reflect=ALL-UNNAMED
2026-05-13 09:45:21,777 INFO  org.apache.flink.client.cli.CliFrontend                      [] -     --add-opens=java.base/java.text=ALL-UNNAMED
2026-05-13 09:45:21,777 INFO  org.apache.flink.client.cli.CliFrontend                      [] -     --add-opens=java.base/java.time=ALL-UNNAMED
2026-05-13 09:45:21,777 INFO  org.apache.flink.client.cli.CliFrontend                      [] -     --add-opens=java.base/java.util=ALL-UNNAMED
2026-05-13 09:45:21,780 INFO  org.apache.flink.client.cli.CliFrontend                      [] -     --add-opens=java.base/java.util.concurrent=ALL-UNNAMED
2026-05-13 09:45:21,780 INFO  org.apache.flink.client.cli.CliFrontend                      [] -     --add-opens=java.base/java.util.concurrent.atomic=ALL-UNNAMED
2026-05-13 09:45:21,780 INFO  org.apache.flink.client.cli.CliFrontend                      [] -     --add-opens=java.base/java.util.concurrent.locks=ALL-UNNAMED
2026-05-13 09:45:21,780 INFO  org.apache.flink.client.cli.CliFrontend                      [] -     -Dlog.file=/opt/flink/log/flink--client-d975e79680d7.log
2026-05-13 09:45:21,780 INFO  org.apache.flink.client.cli.CliFrontend                      [] -     -Dlog4j.configuration=file:/opt/flink/conf/log4j-cli.properties
2026-05-13 09:45:21,780 INFO  org.apache.flink.client.cli.CliFrontend                      [] -     -Dlog4j.configurationFile=file:/opt/flink/conf/log4j-cli.properties
2026-05-13 09:45:21,782 INFO  org.apache.flink.client.cli.CliFrontend                      [] -     -Dlogback.configurationFile=file:/opt/flink/conf/logback.xml
2026-05-13 09:45:21,782 INFO  org.apache.flink.client.cli.CliFrontend                      [] -  Program Arguments:
2026-05-13 09:45:21,788 INFO  org.apache.flink.client.cli.CliFrontend                      [] -     run
2026-05-13 09:45:21,788 INFO  org.apache.flink.client.cli.CliFrontend                      [] -     /opt/flink/examples/streaming/SocketWindowWordCount.jar
2026-05-13 09:45:21,793 INFO  org.apache.flink.client.cli.CliFrontend                      [] -     --hostname
2026-05-13 09:45:21,793 INFO  org.apache.flink.client.cli.CliFrontend                      [] -     localhost
2026-05-13 09:45:21,793 INFO  org.apache.flink.client.cli.CliFrontend                      [] -     --port
2026-05-13 09:45:21,794 INFO  org.apache.flink.client.cli.CliFrontend                      [] -     9999
2026-05-13 09:45:21,794 INFO  org.apache.flink.client.cli.CliFrontend                      [] -  Classpath: /opt/flink/lib/flink-cep-1.18.1.jar:/opt/flink/lib/flink-connector-files-1.18.1.jar:/opt/flink/lib/flink-csv-1.18.1.jar:/opt/flink/lib/flink-json-1.18.1.jar:/opt/flink/lib/flink-scala_2.12-1.18.1.jar:/opt/flink/lib/flink-table-api-java-uber-1.18.1.jar:/opt/flink/lib/flink-table-planner-loader-1.18.1.jar:/opt/flink/lib/flink-table-runtime-1.18.1.jar:/opt/flink/lib/log4j-1.2-api-2.17.1.jar:/opt/flink/lib/log4j-api-2.17.1.jar:/opt/flink/lib/log4j-core-2.17.1.jar:/opt/flink/lib/log4j-slf4j-impl-2.17.1.jar:/opt/flink/lib/flink-dist-1.18.1.jar:::
2026-05-13 09:45:21,795 INFO  org.apache.flink.client.cli.CliFrontend                      [] - --------------------------------------------------------------------------------
2026-05-13 09:45:21,812 WARN  org.apache.flink.configuration.GlobalConfiguration           [] - Error while trying to split key and value in configuration file /opt/flink/conf/flink-conf.yaml:313: Line is not a key-value pair (missing space after ':'?)
2026-05-13 09:45:21,816 INFO  org.apache.flink.configuration.GlobalConfiguration           [] - Loading configuration property: blob.server.port, 6124
2026-05-13 09:45:21,817 INFO  org.apache.flink.configuration.GlobalConfiguration           [] - Loading configuration property: taskmanager.memory.process.size, 1728m
2026-05-13 09:45:21,817 INFO  org.apache.flink.configuration.GlobalConfiguration           [] - Loading configuration property: taskmanager.bind-host, 0.0.0.0
2026-05-13 09:45:21,817 INFO  org.apache.flink.configuration.GlobalConfiguration           [] - Loading configuration property: jobmanager.execution.failover-strategy, region
2026-05-13 09:45:21,817 INFO  org.apache.flink.configuration.GlobalConfiguration           [] - Loading configuration property: jobmanager.rpc.address, jobmanager
2026-05-13 09:45:21,818 INFO  org.apache.flink.configuration.GlobalConfiguration           [] - Loading configuration property: jobmanager.memory.process.size, 1600m
2026-05-13 09:45:21,818 INFO  org.apache.flink.configuration.GlobalConfiguration           [] - Loading configuration property: jobmanager.rpc.port, 6123
2026-05-13 09:45:21,818 INFO  org.apache.flink.configuration.GlobalConfiguration           [] - Loading configuration property: query.server.port, 6125
2026-05-13 09:45:21,818 INFO  org.apache.flink.configuration.GlobalConfiguration           [] - Loading configuration property: rest.bind-address, 0.0.0.0
2026-05-13 09:45:21,818 INFO  org.apache.flink.configuration.GlobalConfiguration           [] - Loading configuration property: jobmanager.bind-host, 0.0.0.0
2026-05-13 09:45:21,818 INFO  org.apache.flink.configuration.GlobalConfiguration           [] - Loading configuration property: parallelism.default, 1
2026-05-13 09:45:21,819 INFO  org.apache.flink.configuration.GlobalConfiguration           [] - Loading configuration property: taskmanager.numberOfTaskSlots, 1
2026-05-13 09:45:21,819 INFO  org.apache.flink.configuration.GlobalConfiguration           [] - Loading configuration property: rest.address, 0.0.0.0
2026-05-13 09:45:21,819 INFO  org.apache.flink.configuration.GlobalConfiguration           [] - Loading configuration property: env.java.opts.all, --add-exports=java.base/sun.net.util=ALL-UNNAMED --add-exports=java.rmi/sun.rmi.registry=ALL-UNNAMED --add-exports=jdk.compiler/com.sun.tools.javac.api=ALL-UNNAMED --add-exports=jdk.compiler/com.sun.tools.javac.file=ALL-UNNAMED --add-exports=jdk.compiler/com.sun.tools.javac.parser=ALL-UNNAMED --add-exports=jdk.compiler/com.sun.tools.javac.tree=ALL-UNNAMED --add-exports=jdk.compiler/com.sun.tools.javac.util=ALL-UNNAMED --add-exports=java.security.jgss/sun.security.krb5=ALL-UNNAMED --add-opens=java.base/java.lang=ALL-UNNAMED --add-opens=java.base/java.net=ALL-UNNAMED --add-opens=java.base/java.io=ALL-UNNAMED --add-opens=java.base/java.nio=ALL-UNNAMED --add-opens=java.base/sun.nio.ch=ALL-UNNAMED --add-opens=java.base/java.lang.reflect=ALL-UNNAMED --add-opens=java.base/java.text=ALL-UNNAMED --add-opens=java.base/java.time=ALL-UNNAMED --add-opens=java.base/java.util=ALL-UNNAMED --add-opens=java.base/java.util.concurrent=ALL-UNNAMED --add-opens=java.base/java.util.concurrent.atomic=ALL-UNNAMED --add-opens=java.base/java.util.concurrent.locks=ALL-UNNAMED
2026-05-13 09:45:21,894 INFO  org.apache.flink.client.cli.CliFrontend                      [] - Loading FallbackYarnSessionCli
2026-05-13 09:45:21,985 INFO  org.apache.flink.core.fs.FileSystem                          [] - Hadoop is not in the classpath/dependencies. The extended set of supported File Systems via Hadoop is not available.
2026-05-13 09:45:22,067 INFO  org.apache.flink.core.plugin.DefaultPluginManager            [] - Plugin loader with ID not found, creating it: external-resource-gpu
2026-05-13 09:45:22,083 INFO  org.apache.flink.core.plugin.DefaultPluginManager            [] - Plugin loader with ID not found, creating it: metrics-graphite
2026-05-13 09:45:22,084 INFO  org.apache.flink.core.plugin.DefaultPluginManager            [] - Plugin loader with ID not found, creating it: metrics-slf4j
2026-05-13 09:45:22,084 INFO  org.apache.flink.core.plugin.DefaultPluginManager            [] - Plugin loader with ID not found, creating it: metrics-statsd
2026-05-13 09:45:22,087 INFO  org.apache.flink.core.plugin.DefaultPluginManager            [] - Plugin loader with ID not found, creating it: metrics-datadog
2026-05-13 09:45:22,087 INFO  org.apache.flink.core.plugin.DefaultPluginManager            [] - Plugin loader with ID not found, creating it: metrics-prometheus
2026-05-13 09:45:22,087 INFO  org.apache.flink.core.plugin.DefaultPluginManager            [] - Plugin loader with ID not found, creating it: metrics-jmx
2026-05-13 09:45:22,087 INFO  org.apache.flink.core.plugin.DefaultPluginManager            [] - Plugin loader with ID not found, creating it: metrics-influx
2026-05-13 09:45:22,259 INFO  org.apache.flink.runtime.security.modules.HadoopModuleFactory [] - Cannot create Hadoop Security Module because Hadoop cannot be found in the Classpath.
2026-05-13 09:45:22,332 INFO  org.apache.flink.runtime.security.modules.JaasModule         [] - Jaas file will be created as /tmp/jaas-6560373750779758403.conf.
2026-05-13 09:45:22,374 INFO  org.apache.flink.runtime.security.contexts.HadoopSecurityContextFactory [] - Cannot install HadoopSecurityContext because Hadoop cannot be found in the Classpath.
2026-05-13 09:45:22,384 INFO  org.apache.flink.client.cli.CliFrontend                      [] - Running 'run' command.
2026-05-13 09:45:22,474 INFO  org.apache.flink.client.cli.CliFrontend                      [] - Building program from JAR file
2026-05-13 09:45:22,525 INFO  org.apache.flink.client.ClientUtils                          [] - Starting program (detached: false)
2026-05-13 09:45:25,046 INFO  org.apache.flink.client.program.rest.RestClusterClient       [] - Submitting job 'Socket Window WordCount' (711481931bd5678005d7ba4caf2f4db2).
2026-05-13 09:45:27,054 INFO  org.apache.flink.client.program.rest.RestClusterClient       [] - Successfully submitted job 'Socket Window WordCount' (711481931bd5678005d7ba4caf2f4db2) to 'http://0.0.0.0:8081'.
2026-05-13 09:45:28,227 ERROR org.apache.flink.client.cli.CliFrontend                      [] - Error while running the command.
org.apache.flink.client.program.ProgramInvocationException: The main method caused an error: org.apache.flink.client.program.ProgramInvocationException: Job failed (JobID: 711481931bd5678005d7ba4caf2f4db2)
	at org.apache.flink.client.program.PackagedProgram.callMainMethod(PackagedProgram.java:372) ~[flink-dist-1.18.1.jar:1.18.1]
	at org.apache.flink.client.program.PackagedProgram.invokeInteractiveModeForExecution(PackagedProgram.java:222) ~[flink-dist-1.18.1.jar:1.18.1]
	at org.apache.flink.client.ClientUtils.executeProgram(ClientUtils.java:105) ~[flink-dist-1.18.1.jar:1.18.1]
	at org.apache.flink.client.cli.CliFrontend.executeProgram(CliFrontend.java:851) ~[flink-dist-1.18.1.jar:1.18.1]
	at org.apache.flink.client.cli.CliFrontend.run(CliFrontend.java:245) ~[flink-dist-1.18.1.jar:1.18.1]
	at org.apache.flink.client.cli.CliFrontend.parseAndRun(CliFrontend.java:1095) ~[flink-dist-1.18.1.jar:1.18.1]
	at org.apache.flink.client.cli.CliFrontend.lambda$mainInternal$9(CliFrontend.java:1189) ~[flink-dist-1.18.1.jar:1.18.1]
	at org.apache.flink.runtime.security.contexts.NoOpSecurityContext.runSecured(NoOpSecurityContext.java:28) [flink-dist-1.18.1.jar:1.18.1]
	at org.apache.flink.client.cli.CliFrontend.mainInternal(CliFrontend.java:1189) [flink-dist-1.18.1.jar:1.18.1]
	at org.apache.flink.client.cli.CliFrontend.main(CliFrontend.java:1157) [flink-dist-1.18.1.jar:1.18.1]
Caused by: java.util.concurrent.ExecutionException: org.apache.flink.client.program.ProgramInvocationException: Job failed (JobID: 711481931bd5678005d7ba4caf2f4db2)
	at java.util.concurrent.CompletableFuture.reportGet(Unknown Source) ~[?:?]
	at java.util.concurrent.CompletableFuture.get(Unknown Source) ~[?:?]
	at org.apache.flink.client.program.StreamContextEnvironment.getJobExecutionResult(StreamContextEnvironment.java:171) ~[flink-dist-1.18.1.jar:1.18.1]
	at org.apache.flink.client.program.StreamContextEnvironment.execute(StreamContextEnvironment.java:122) ~[flink-dist-1.18.1.jar:1.18.1]
	at org.apache.flink.streaming.api.environment.StreamExecutionEnvironment.execute(StreamExecutionEnvironment.java:2099) ~[flink-dist-1.18.1.jar:1.18.1]
	at org.apache.flink.streaming.examples.socket.SocketWindowWordCount.main(SocketWindowWordCount.java:87) ~[?:?]
	at jdk.internal.reflect.NativeMethodAccessorImpl.invoke0(Native Method) ~[?:?]
	at jdk.internal.reflect.NativeMethodAccessorImpl.invoke(Unknown Source) ~[?:?]
	at jdk.internal.reflect.DelegatingMethodAccessorImpl.invoke(Unknown Source) ~[?:?]
	at java.lang.reflect.Method.invoke(Unknown Source) ~[?:?]
	at org.apache.flink.client.program.PackagedProgram.callMainMethod(PackagedProgram.java:355) ~[flink-dist-1.18.1.jar:1.18.1]
	... 9 more
Caused by: org.apache.flink.client.program.ProgramInvocationException: Job failed (JobID: 711481931bd5678005d7ba4caf2f4db2)
	at org.apache.flink.client.deployment.ClusterClientJobClientAdapter.lambda$null$6(ClusterClientJobClientAdapter.java:130) ~[flink-dist-1.18.1.jar:1.18.1]
	at java.util.concurrent.CompletableFuture$UniApply.tryFire(Unknown Source) ~[?:?]
	at java.util.concurrent.CompletableFuture.postComplete(Unknown Source) ~[?:?]
	at java.util.concurrent.CompletableFuture.complete(Unknown Source) ~[?:?]
	at org.apache.flink.util.concurrent.FutureUtils.lambda$retryOperationWithDelay$6(FutureUtils.java:302) ~[flink-dist-1.18.1.jar:1.18.1]
	at java.util.concurrent.CompletableFuture.uniWhenComplete(Unknown Source) ~[?:?]
	at java.util.concurrent.CompletableFuture$UniWhenComplete.tryFire(Unknown Source) ~[?:?]
	at java.util.concurrent.CompletableFuture.postComplete(Unknown Source) ~[?:?]
	at java.util.concurrent.CompletableFuture.complete(Unknown Source) ~[?:?]
	at org.apache.flink.client.program.rest.RestClusterClient.lambda$pollResourceAsync$33(RestClusterClient.java:794) ~[flink-dist-1.18.1.jar:1.18.1]
	at java.util.concurrent.CompletableFuture.uniWhenComplete(Unknown Source) ~[?:?]
	at java.util.concurrent.CompletableFuture$UniWhenComplete.tryFire(Unknown Source) ~[?:?]
	at java.util.concurrent.CompletableFuture.postComplete(Unknown Source) ~[?:?]
	at java.util.concurrent.CompletableFuture.complete(Unknown Source) ~[?:?]
	at org.apache.flink.util.concurrent.FutureUtils.lambda$retryOperationWithDelay$6(FutureUtils.java:302) ~[flink-dist-1.18.1.jar:1.18.1]
	at java.util.concurrent.CompletableFuture.uniWhenComplete(Unknown Source) ~[?:?]
	at java.util.concurrent.CompletableFuture$UniWhenComplete.tryFire(Unknown Source) ~[?:?]
	at java.util.concurrent.CompletableFuture.postComplete(Unknown Source) ~[?:?]
	at java.util.concurrent.CompletableFuture.postFire(Unknown Source) ~[?:?]
	at java.util.concurrent.CompletableFuture$UniCompose.tryFire(Unknown Source) ~[?:?]
	at java.util.concurrent.CompletableFuture$Completion.run(Unknown Source) ~[?:?]
	at java.util.concurrent.ThreadPoolExecutor.runWorker(Unknown Source) ~[?:?]
	at java.util.concurrent.ThreadPoolExecutor$Worker.run(Unknown Source) ~[?:?]
	at java.lang.Thread.run(Unknown Source) ~[?:?]
Caused by: org.apache.flink.runtime.client.JobExecutionException: Job execution failed.
	at org.apache.flink.runtime.jobmaster.JobResult.toJobExecutionResult(JobResult.java:144) ~[flink-dist-1.18.1.jar:1.18.1]
	at org.apache.flink.client.deployment.ClusterClientJobClientAdapter.lambda$null$6(ClusterClientJobClientAdapter.java:128) ~[flink-dist-1.18.1.jar:1.18.1]
	at java.util.concurrent.CompletableFuture$UniApply.tryFire(Unknown Source) ~[?:?]
	at java.util.concurrent.CompletableFuture.postComplete(Unknown Source) ~[?:?]
	at java.util.concurrent.CompletableFuture.complete(Unknown Source) ~[?:?]
	at org.apache.flink.util.concurrent.FutureUtils.lambda$retryOperationWithDelay$6(FutureUtils.java:302) ~[flink-dist-1.18.1.jar:1.18.1]
	at java.util.concurrent.CompletableFuture.uniWhenComplete(Unknown Source) ~[?:?]
	at java.util.concurrent.CompletableFuture$UniWhenComplete.tryFire(Unknown Source) ~[?:?]
	at java.util.concurrent.CompletableFuture.postComplete(Unknown Source) ~[?:?]
	at java.util.concurrent.CompletableFuture.complete(Unknown Source) ~[?:?]
	at org.apache.flink.client.program.rest.RestClusterClient.lambda$pollResourceAsync$33(RestClusterClient.java:794) ~[flink-dist-1.18.1.jar:1.18.1]
	at java.util.concurrent.CompletableFuture.uniWhenComplete(Unknown Source) ~[?:?]
	at java.util.concurrent.CompletableFuture$UniWhenComplete.tryFire(Unknown Source) ~[?:?]
	at java.util.concurrent.CompletableFuture.postComplete(Unknown Source) ~[?:?]
	at java.util.concurrent.CompletableFuture.complete(Unknown Source) ~[?:?]
	at org.apache.flink.util.concurrent.FutureUtils.lambda$retryOperationWithDelay$6(FutureUtils.java:302) ~[flink-dist-1.18.1.jar:1.18.1]
	at java.util.concurrent.CompletableFuture.uniWhenComplete(Unknown Source) ~[?:?]
	at java.util.concurrent.CompletableFuture$UniWhenComplete.tryFire(Unknown Source) ~[?:?]
	at java.util.concurrent.CompletableFuture.postComplete(Unknown Source) ~[?:?]
	at java.util.concurrent.CompletableFuture.postFire(Unknown Source) ~[?:?]
	at java.util.concurrent.CompletableFuture$UniCompose.tryFire(Unknown Source) ~[?:?]
	at java.util.concurrent.CompletableFuture$Completion.run(Unknown Source) ~[?:?]
	at java.util.concurrent.ThreadPoolExecutor.runWorker(Unknown Source) ~[?:?]
	at java.util.concurrent.ThreadPoolExecutor$Worker.run(Unknown Source) ~[?:?]
	at java.lang.Thread.run(Unknown Source) ~[?:?]
Caused by: org.apache.flink.runtime.JobException: Recovery is suppressed by NoRestartBackoffTimeStrategy
	at org.apache.flink.runtime.executiongraph.failover.flip1.ExecutionFailureHandler.handleFailure(ExecutionFailureHandler.java:176) ~[flink-dist-1.18.1.jar:1.18.1]
	at org.apache.flink.runtime.executiongraph.failover.flip1.ExecutionFailureHandler.getFailureHandlingResult(ExecutionFailureHandler.java:107) ~[flink-dist-1.18.1.jar:1.18.1]
	at org.apache.flink.runtime.scheduler.DefaultScheduler.recordTaskFailure(DefaultScheduler.java:285) ~[flink-dist-1.18.1.jar:1.18.1]
	at org.apache.flink.runtime.scheduler.DefaultScheduler.handleTaskFailure(DefaultScheduler.java:276) ~[flink-dist-1.18.1.jar:1.18.1]
	at org.apache.flink.runtime.scheduler.DefaultScheduler.onTaskFailed(DefaultScheduler.java:269) ~[flink-dist-1.18.1.jar:1.18.1]
	at org.apache.flink.runtime.scheduler.SchedulerBase.onTaskExecutionStateUpdate(SchedulerBase.java:764) ~[flink-dist-1.18.1.jar:1.18.1]
	at org.apache.flink.runtime.scheduler.SchedulerBase.updateTaskExecutionState(SchedulerBase.java:741) ~[flink-dist-1.18.1.jar:1.18.1]
	at org.apache.flink.runtime.scheduler.SchedulerNG.updateTaskExecutionState(SchedulerNG.java:83) ~[flink-dist-1.18.1.jar:1.18.1]
	at org.apache.flink.runtime.jobmaster.JobMaster.updateTaskExecutionState(JobMaster.java:488) ~[flink-dist-1.18.1.jar:1.18.1]
	at jdk.internal.reflect.NativeMethodAccessorImpl.invoke0(Native Method) ~[?:?]
	at jdk.internal.reflect.NativeMethodAccessorImpl.invoke(Unknown Source) ~[?:?]
	at jdk.internal.reflect.DelegatingMethodAccessorImpl.invoke(Unknown Source) ~[?:?]
	at java.lang.reflect.Method.invoke(Unknown Source) ~[?:?]
	at org.apache.flink.runtime.rpc.pekko.PekkoRpcActor.lambda$handleRpcInvocation$1(PekkoRpcActor.java:309) ~[?:?]
	at org.apache.flink.runtime.concurrent.ClassLoadingUtils.runWithContextClassLoader(ClassLoadingUtils.java:83) ~[flink-dist-1.18.1.jar:1.18.1]
	at org.apache.flink.runtime.rpc.pekko.PekkoRpcActor.handleRpcInvocation(PekkoRpcActor.java:307) ~[?:?]
	at org.apache.flink.runtime.rpc.pekko.PekkoRpcActor.handleRpcMessage(PekkoRpcActor.java:222) ~[?:?]
	at org.apache.flink.runtime.rpc.pekko.FencedPekkoRpcActor.handleRpcMessage(FencedPekkoRpcActor.java:85) ~[?:?]
	at org.apache.flink.runtime.rpc.pekko.PekkoRpcActor.handleMessage(PekkoRpcActor.java:168) ~[?:?]
	at org.apache.pekko.japi.pf.UnitCaseStatement.apply(CaseStatements.scala:33) ~[?:?]
	at org.apache.pekko.japi.pf.UnitCaseStatement.apply(CaseStatements.scala:29) ~[?:?]
	at scala.PartialFunction.applyOrElse(PartialFunction.scala:127) ~[flink-scala_2.12-1.18.1.jar:1.18.1]
	at scala.PartialFunction.applyOrElse$(PartialFunction.scala:126) ~[flink-scala_2.12-1.18.1.jar:1.18.1]
	at org.apache.pekko.japi.pf.UnitCaseStatement.applyOrElse(CaseStatements.scala:29) ~[?:?]
	at scala.PartialFunction$OrElse.applyOrElse(PartialFunction.scala:175) ~[flink-scala_2.12-1.18.1.jar:1.18.1]
	at scala.PartialFunction$OrElse.applyOrElse(PartialFunction.scala:176) ~[flink-scala_2.12-1.18.1.jar:1.18.1]
	at scala.PartialFunction$OrElse.applyOrElse(PartialFunction.scala:176) ~[flink-scala_2.12-1.18.1.jar:1.18.1]
	at org.apache.pekko.actor.Actor.aroundReceive(Actor.scala:547) ~[?:?]
	at org.apache.pekko.actor.Actor.aroundReceive$(Actor.scala:545) ~[?:?]
	at org.apache.pekko.actor.AbstractActor.aroundReceive(AbstractActor.scala:229) ~[?:?]
	at org.apache.pekko.actor.ActorCell.receiveMessage(ActorCell.scala:590) ~[?:?]
	at org.apache.pekko.actor.ActorCell.invoke(ActorCell.scala:557) ~[?:?]
	at org.apache.pekko.dispatch.Mailbox.processMailbox(Mailbox.scala:280) ~[?:?]
	at org.apache.pekko.dispatch.Mailbox.run(Mailbox.scala:241) ~[?:?]
	at org.apache.pekko.dispatch.Mailbox.exec(Mailbox.scala:253) ~[?:?]
	at java.util.concurrent.ForkJoinTask.doExec(Unknown Source) ~[?:?]
	at java.util.concurrent.ForkJoinPool$WorkQueue.topLevelExec(Unknown Source) ~[?:?]
	at java.util.concurrent.ForkJoinPool.scan(Unknown Source) ~[?:?]
	at java.util.concurrent.ForkJoinPool.runWorker(Unknown Source) ~[?:?]
	at java.util.concurrent.ForkJoinWorkerThread.run(Unknown Source) ~[?:?]
Caused by: java.net.ConnectException: Connection refused (Connection refused)
	at java.net.PlainSocketImpl.socketConnect(Native Method) ~[?:?]
	at java.net.AbstractPlainSocketImpl.doConnect(Unknown Source) ~[?:?]
	at java.net.AbstractPlainSocketImpl.connectToAddress(Unknown Source) ~[?:?]
	at java.net.AbstractPlainSocketImpl.connect(Unknown Source) ~[?:?]
	at java.net.SocksSocketImpl.connect(Unknown Source) ~[?:?]
	at java.net.Socket.connect(Unknown Source) ~[?:?]
	at org.apache.flink.streaming.api.functions.source.SocketTextStreamFunction.run(SocketTextStreamFunction.java:109) ~[flink-dist-1.18.1.jar:1.18.1]
	at org.apache.flink.streaming.api.operators.StreamSource.run(StreamSource.java:114) ~[flink-dist-1.18.1.jar:1.18.1]
	at org.apache.flink.streaming.api.operators.StreamSource.run(StreamSource.java:71) ~[flink-dist-1.18.1.jar:1.18.1]
	at org.apache.flink.streaming.runtime.tasks.SourceStreamTask$LegacySourceFunctionThread.run(SourceStreamTask.java:338) ~[flink-dist-1.18.1.jar:1.18.1]
