2026-05-13 09:49:36,226 INFO  org.apache.flink.client.cli.CliFrontend                      [] - --------------------------------------------------------------------------------
2026-05-13 09:49:36,230 INFO  org.apache.flink.client.cli.CliFrontend                      [] -  Starting Command Line Client (Version: 1.18.1, Scala: 2.12, Rev:a8c8b1c, Date:2023-12-19T22:17:36+01:00)
2026-05-13 09:49:36,231 INFO  org.apache.flink.client.cli.CliFrontend                      [] -  OS current user: root
2026-05-13 09:49:36,231 INFO  org.apache.flink.client.cli.CliFrontend                      [] -  Current Hadoop/Kerberos user: <no hadoop dependency found>
2026-05-13 09:49:36,231 INFO  org.apache.flink.client.cli.CliFrontend                      [] -  JVM: OpenJDK 64-Bit Server VM - Eclipse Adoptium - 11/11.0.26+4
2026-05-13 09:49:36,231 INFO  org.apache.flink.client.cli.CliFrontend                      [] -  Arch: amd64
2026-05-13 09:49:36,232 INFO  org.apache.flink.client.cli.CliFrontend                      [] -  Maximum heap size: 1962 MiBytes
2026-05-13 09:49:36,232 INFO  org.apache.flink.client.cli.CliFrontend                      [] -  JAVA_HOME: /opt/java/openjdk
2026-05-13 09:49:36,232 INFO  org.apache.flink.client.cli.CliFrontend                      [] -  No Hadoop Dependency available
2026-05-13 09:49:36,232 INFO  org.apache.flink.client.cli.CliFrontend                      [] -  JVM Options:
2026-05-13 09:49:36,232 INFO  org.apache.flink.client.cli.CliFrontend                      [] -     -XX:+IgnoreUnrecognizedVMOptions
2026-05-13 09:49:36,232 INFO  org.apache.flink.client.cli.CliFrontend                      [] -     --add-exports=java.base/sun.net.util=ALL-UNNAMED
2026-05-13 09:49:36,233 INFO  org.apache.flink.client.cli.CliFrontend                      [] -     --add-exports=java.rmi/sun.rmi.registry=ALL-UNNAMED
2026-05-13 09:49:36,233 INFO  org.apache.flink.client.cli.CliFrontend                      [] -     --add-exports=jdk.compiler/com.sun.tools.javac.api=ALL-UNNAMED
2026-05-13 09:49:36,233 INFO  org.apache.flink.client.cli.CliFrontend                      [] -     --add-exports=jdk.compiler/com.sun.tools.javac.file=ALL-UNNAMED
2026-05-13 09:49:36,233 INFO  org.apache.flink.client.cli.CliFrontend                      [] -     --add-exports=jdk.compiler/com.sun.tools.javac.parser=ALL-UNNAMED
2026-05-13 09:49:36,233 INFO  org.apache.flink.client.cli.CliFrontend                      [] -     --add-exports=jdk.compiler/com.sun.tools.javac.tree=ALL-UNNAMED
2026-05-13 09:49:36,233 INFO  org.apache.flink.client.cli.CliFrontend                      [] -     --add-exports=jdk.compiler/com.sun.tools.javac.util=ALL-UNNAMED
2026-05-13 09:49:36,233 INFO  org.apache.flink.client.cli.CliFrontend                      [] -     --add-exports=java.security.jgss/sun.security.krb5=ALL-UNNAMED
2026-05-13 09:49:36,234 INFO  org.apache.flink.client.cli.CliFrontend                      [] -     --add-opens=java.base/java.lang=ALL-UNNAMED
2026-05-13 09:49:36,234 INFO  org.apache.flink.client.cli.CliFrontend                      [] -     --add-opens=java.base/java.net=ALL-UNNAMED
2026-05-13 09:49:36,234 INFO  org.apache.flink.client.cli.CliFrontend                      [] -     --add-opens=java.base/java.io=ALL-UNNAMED
2026-05-13 09:49:36,234 INFO  org.apache.flink.client.cli.CliFrontend                      [] -     --add-opens=java.base/java.nio=ALL-UNNAMED
2026-05-13 09:49:36,235 INFO  org.apache.flink.client.cli.CliFrontend                      [] -     --add-opens=java.base/sun.nio.ch=ALL-UNNAMED
2026-05-13 09:49:36,235 INFO  org.apache.flink.client.cli.CliFrontend                      [] -     --add-opens=java.base/java.lang.reflect=ALL-UNNAMED
2026-05-13 09:49:36,235 INFO  org.apache.flink.client.cli.CliFrontend                      [] -     --add-opens=java.base/java.text=ALL-UNNAMED
2026-05-13 09:49:36,235 INFO  org.apache.flink.client.cli.CliFrontend                      [] -     --add-opens=java.base/java.time=ALL-UNNAMED
2026-05-13 09:49:36,235 INFO  org.apache.flink.client.cli.CliFrontend                      [] -     --add-opens=java.base/java.util=ALL-UNNAMED
2026-05-13 09:49:36,236 INFO  org.apache.flink.client.cli.CliFrontend                      [] -     --add-opens=java.base/java.util.concurrent=ALL-UNNAMED
2026-05-13 09:49:36,236 INFO  org.apache.flink.client.cli.CliFrontend                      [] -     --add-opens=java.base/java.util.concurrent.atomic=ALL-UNNAMED
2026-05-13 09:49:36,236 INFO  org.apache.flink.client.cli.CliFrontend                      [] -     --add-opens=java.base/java.util.concurrent.locks=ALL-UNNAMED
2026-05-13 09:49:36,236 INFO  org.apache.flink.client.cli.CliFrontend                      [] -     -Dlog.file=/opt/flink/log/flink--client-63f96ffd937d.log
2026-05-13 09:49:36,237 INFO  org.apache.flink.client.cli.CliFrontend                      [] -     -Dlog4j.configuration=file:/opt/flink/conf/log4j-cli.properties
2026-05-13 09:49:36,237 INFO  org.apache.flink.client.cli.CliFrontend                      [] -     -Dlog4j.configurationFile=file:/opt/flink/conf/log4j-cli.properties
2026-05-13 09:49:36,237 INFO  org.apache.flink.client.cli.CliFrontend                      [] -     -Dlogback.configurationFile=file:/opt/flink/conf/logback.xml
2026-05-13 09:49:36,237 INFO  org.apache.flink.client.cli.CliFrontend                      [] -  Program Arguments:
2026-05-13 09:49:36,239 INFO  org.apache.flink.client.cli.CliFrontend                      [] -     list
2026-05-13 09:49:36,239 INFO  org.apache.flink.client.cli.CliFrontend                      [] -     -r
2026-05-13 09:49:36,240 INFO  org.apache.flink.client.cli.CliFrontend                      [] -  Classpath: /opt/flink/lib/flink-cep-1.18.1.jar:/opt/flink/lib/flink-connector-files-1.18.1.jar:/opt/flink/lib/flink-csv-1.18.1.jar:/opt/flink/lib/flink-json-1.18.1.jar:/opt/flink/lib/flink-scala_2.12-1.18.1.jar:/opt/flink/lib/flink-table-api-java-uber-1.18.1.jar:/opt/flink/lib/flink-table-planner-loader-1.18.1.jar:/opt/flink/lib/flink-table-runtime-1.18.1.jar:/opt/flink/lib/log4j-1.2-api-2.17.1.jar:/opt/flink/lib/log4j-api-2.17.1.jar:/opt/flink/lib/log4j-core-2.17.1.jar:/opt/flink/lib/log4j-slf4j-impl-2.17.1.jar:/opt/flink/lib/flink-dist-1.18.1.jar:::
2026-05-13 09:49:36,240 INFO  org.apache.flink.client.cli.CliFrontend                      [] - --------------------------------------------------------------------------------
2026-05-13 09:49:36,250 WARN  org.apache.flink.configuration.GlobalConfiguration           [] - Error while trying to split key and value in configuration file /opt/flink/conf/flink-conf.yaml:313: Line is not a key-value pair (missing space after ':'?)
2026-05-13 09:49:36,259 INFO  org.apache.flink.configuration.GlobalConfiguration           [] - Loading configuration property: blob.server.port, 6124
2026-05-13 09:49:36,259 INFO  org.apache.flink.configuration.GlobalConfiguration           [] - Loading configuration property: taskmanager.memory.process.size, 1728m
2026-05-13 09:49:36,260 INFO  org.apache.flink.configuration.GlobalConfiguration           [] - Loading configuration property: taskmanager.bind-host, 0.0.0.0
2026-05-13 09:49:36,260 INFO  org.apache.flink.configuration.GlobalConfiguration           [] - Loading configuration property: jobmanager.execution.failover-strategy, region
2026-05-13 09:49:36,260 INFO  org.apache.flink.configuration.GlobalConfiguration           [] - Loading configuration property: jobmanager.rpc.address, jobmanager
2026-05-13 09:49:36,261 INFO  org.apache.flink.configuration.GlobalConfiguration           [] - Loading configuration property: jobmanager.memory.process.size, 1600m
2026-05-13 09:49:36,261 INFO  org.apache.flink.configuration.GlobalConfiguration           [] - Loading configuration property: jobmanager.rpc.port, 6123
2026-05-13 09:49:36,261 INFO  org.apache.flink.configuration.GlobalConfiguration           [] - Loading configuration property: query.server.port, 6125
2026-05-13 09:49:36,261 INFO  org.apache.flink.configuration.GlobalConfiguration           [] - Loading configuration property: rest.bind-address, 0.0.0.0
2026-05-13 09:49:36,262 INFO  org.apache.flink.configuration.GlobalConfiguration           [] - Loading configuration property: jobmanager.bind-host, 0.0.0.0
2026-05-13 09:49:36,262 INFO  org.apache.flink.configuration.GlobalConfiguration           [] - Loading configuration property: parallelism.default, 1
2026-05-13 09:49:36,262 INFO  org.apache.flink.configuration.GlobalConfiguration           [] - Loading configuration property: taskmanager.numberOfTaskSlots, 1
2026-05-13 09:49:36,262 INFO  org.apache.flink.configuration.GlobalConfiguration           [] - Loading configuration property: rest.address, 0.0.0.0
2026-05-13 09:49:36,262 INFO  org.apache.flink.configuration.GlobalConfiguration           [] - Loading configuration property: env.java.opts.all, --add-exports=java.base/sun.net.util=ALL-UNNAMED --add-exports=java.rmi/sun.rmi.registry=ALL-UNNAMED --add-exports=jdk.compiler/com.sun.tools.javac.api=ALL-UNNAMED --add-exports=jdk.compiler/com.sun.tools.javac.file=ALL-UNNAMED --add-exports=jdk.compiler/com.sun.tools.javac.parser=ALL-UNNAMED --add-exports=jdk.compiler/com.sun.tools.javac.tree=ALL-UNNAMED --add-exports=jdk.compiler/com.sun.tools.javac.util=ALL-UNNAMED --add-exports=java.security.jgss/sun.security.krb5=ALL-UNNAMED --add-opens=java.base/java.lang=ALL-UNNAMED --add-opens=java.base/java.net=ALL-UNNAMED --add-opens=java.base/java.io=ALL-UNNAMED --add-opens=java.base/java.nio=ALL-UNNAMED --add-opens=java.base/sun.nio.ch=ALL-UNNAMED --add-opens=java.base/java.lang.reflect=ALL-UNNAMED --add-opens=java.base/java.text=ALL-UNNAMED --add-opens=java.base/java.time=ALL-UNNAMED --add-opens=java.base/java.util=ALL-UNNAMED --add-opens=java.base/java.util.concurrent=ALL-UNNAMED --add-opens=java.base/java.util.concurrent.atomic=ALL-UNNAMED --add-opens=java.base/java.util.concurrent.locks=ALL-UNNAMED
2026-05-13 09:49:36,344 INFO  org.apache.flink.client.cli.CliFrontend                      [] - Loading FallbackYarnSessionCli
2026-05-13 09:49:36,411 INFO  org.apache.flink.core.fs.FileSystem                          [] - Hadoop is not in the classpath/dependencies. The extended set of supported File Systems via Hadoop is not available.
2026-05-13 09:49:36,442 INFO  org.apache.flink.core.plugin.DefaultPluginManager            [] - Plugin loader with ID not found, creating it: external-resource-gpu
2026-05-13 09:49:36,453 INFO  org.apache.flink.core.plugin.DefaultPluginManager            [] - Plugin loader with ID not found, creating it: metrics-graphite
2026-05-13 09:49:36,453 INFO  org.apache.flink.core.plugin.DefaultPluginManager            [] - Plugin loader with ID not found, creating it: metrics-slf4j
2026-05-13 09:49:36,454 INFO  org.apache.flink.core.plugin.DefaultPluginManager            [] - Plugin loader with ID not found, creating it: metrics-statsd
2026-05-13 09:49:36,454 INFO  org.apache.flink.core.plugin.DefaultPluginManager            [] - Plugin loader with ID not found, creating it: metrics-datadog
2026-05-13 09:49:36,454 INFO  org.apache.flink.core.plugin.DefaultPluginManager            [] - Plugin loader with ID not found, creating it: metrics-prometheus
2026-05-13 09:49:36,455 INFO  org.apache.flink.core.plugin.DefaultPluginManager            [] - Plugin loader with ID not found, creating it: metrics-jmx
2026-05-13 09:49:36,455 INFO  org.apache.flink.core.plugin.DefaultPluginManager            [] - Plugin loader with ID not found, creating it: metrics-influx
2026-05-13 09:49:36,532 INFO  org.apache.flink.runtime.security.modules.HadoopModuleFactory [] - Cannot create Hadoop Security Module because Hadoop cannot be found in the Classpath.
2026-05-13 09:49:36,576 INFO  org.apache.flink.runtime.security.modules.JaasModule         [] - Jaas file will be created as /tmp/jaas-10251353412895594896.conf.
2026-05-13 09:49:36,611 INFO  org.apache.flink.runtime.security.contexts.HadoopSecurityContextFactory [] - Cannot install HadoopSecurityContext because Hadoop cannot be found in the Classpath.
2026-05-13 09:49:36,617 INFO  org.apache.flink.client.cli.CliFrontend                      [] - Running 'list' command.
2026-05-13 09:49:36,636 INFO  org.apache.flink.client.deployment.DefaultClusterClientServiceLoader [] - Could not load factory due to missing dependencies.
2026-05-13 09:49:37,205 INFO  org.apache.flink.client.cli.CliFrontend                      [] - Waiting for response...
2026-05-13 09:49:37,754 INFO  org.apache.flink.client.cli.CliFrontend                      [] - Successfully retrieved list of jobs
